20;2D;UPM/Esic;ID=0001;TEMP=00cf;HUM=16;BAT=OK;
20;6A;UPM/Esic;ID=1002;WINSP=0041;WINDIR=5A;BAT=OK;
20;08;UPM/Esic;ID=1003;RAIN=0010;BAT=OK;
20;31;Mebus;ID=c201;TEMP=00cf;
20;32;Auriol;ID=008f;TEMP=00d3;BAT=OK;
20;A2;Auriol V2;ID=008f;TEMP=00a3;BAT=LOW;
20;33;Cresta;ID=3001;TEMP=00b0;HUM=50;
20;0C;Cresta;ID=8001;RAIN=001c;
20;47;Cresta;ID=8001;WINDIR=0002;WINSP=0060;WINGS=0088;WINCHL=b0;
20;47;Cresta;ID=8001;TEMP=00b0;UV=00d0;
20;36;Alecto V1;ID=ec02;TEMP=00d1;HUM=14;
20;07;Mebus;ID=ea01;TEMP=0017;
20;3D;Alecto V1;ID=2000;TEMP=0011;HUM=61;
20;26;Alecto V1;ID=0086;RAIN=02ac;
20;30;Alecto V1;ID=0020;WINSP=0068;
20;16;Alecto V1;ID=0020;WINSP=0020;
20;17;Alecto V1;ID=0020;WINDIR=0002;WINGS=0088;
20;36;Alecto V1;ID=0020;WINDIR=0002;WINGS=0040;
20;74;Oregon TempHygro;ID=0ACC;TEMP=00be;HUM=40;BAT=OK;
20;b3;Oregon TempHygro;ID=1a2d;TEMP=00dd;HUM=43;BAT=OK;
20;e5;Oregon BTHR;ID=5a6d;TEMP=00be;HUM=40;BARO=03d7;BAT=OK;
20;46;Oregon Rain;ID=2a1d;RAIN=0012;RAINTOT=0012;BAT=OK;
20;83;Oregon Rain2;ID=2a19;RAIN=002a;RAINTOT=0054;BAT=OK;
20;32;Oregon Wind;ID=1a89;WDIR=0045;WINSP=0068;AWINSP=0050;BAT=OK;
20;4a;Oregon Wind2;ID=3a0d;WDIR=0021;WINSP=0040;AWINSP=005a;BAT=OK;
20;ba;Oregon UVN128/138;ID=ea7c;UV=0030;BAT=OK;
20;AF;SelectPlus;ID=1bb4;CHIME=01;
20;FC;Plieger York;ID=dd01;CHIME=02;
20;47;Byron SX;ID=a66a;CHIME=A9;
20;12;Pir;ID=aa66;PIR=ON;
20;63;SmokeAlert;ID=123456;SMOKEALERT=ON;
20;06;Kaku;ID=41;SWITCH=1;CMD=ON;
20;0C;Kaku;ID=41;SWITCH=2;CMD=OFF;
20;0D;Kaku;ID=41;SWITCH=2;CMD=ON;
20;46;Kaku;ID=44;SWITCH=4;CMD=OFF;
20;E0;NewKaku;ID=cac142;SWITCH=1;CMD=ALLOFF;
20;3B;NewKaku;ID=cac142;SWITCH=3;CMD=OFF;
20;0B;NewKaku;ID=000005;SWITCH=2;CMD=ON;
20;0E;NewKaku;ID=000005;SWITCH=2;CMD=OFF;
20;12;NewKaku;ID=000002;SWITCH=2;CMD=OFF;
20;1E;NewKaku;ID=00000a;SWITCH=2;CMD=OFF;
20;1F;NewKaku;ID=00000a;SWITCH=2;CMD=ON;
20;01;NewKaku;ID=000007;SWITCH=2;CMD=OFF;
20;04;NewKaku;ID=000007;SWITCH=2;CMD=ON;
20;04;NewKaku;ID=000007;SWITCH=2;CMD=SET_LEVEL=14; 
20;0C;HomeEasy;ID=7900b200;SWITCH=0b;CMD=ALLON;
20;AD;FA500;ID=0d00b900;SWITCH=0001;CMD=UNKOWN;
20;AE;FA500;ID=0a01;SWITCH=0a01;CMD=OFF;
20;03;Eurodomest;ID=03696b;SWITCH=00;CMD=OFF;
20;04;Eurodomest;ID=03696b;SWITCH=07;CMD=ALLOFF;
20;41;Conrad RSL2;ID=010002;SWITCH=03;CMD=ON;
20;47;Blyss;ID=ff98;SWITCH=A1;CMD=ON;
20;73;Kambrook;ID=010203;SWITCH=A1;CMD=OFF;
20;39;RTS;ID=1a602a;SWITCH=01;CMD=DOWN;